  Main.cpp
D:\__Graphics_project_git\Escape_game_v2\Text.h(113,37): warning C4838: conversion from 'FT_Pos' to 'unsigned int' requires a narrowing conversion
D:\__Graphics_project_git\Escape_game_v2\Sphere.h(229,26): warning C4244: 'initializing': conversion from 'double' to 'float', possible loss of data
D:\__Graphics_project_git\Escape_game_v2\Sphere.h(230,25): warning C4244: 'initializing': conversion from 'double' to 'float', possible loss of data
D:\__Graphics_project_git\Escape_game_v2\Sphere.h(232,26): warning C4244: 'initializing': conversion from 'double' to 'float', possible loss of data
D:\__Graphics_project_git\Escape_game_v2\Curves.h(55,25): warning C4267: 'initializing': conversion from 'size_t' to 'int', possible loss of data
D:\__Graphics_project_git\Escape_game_v2\Curves.h(68,25): warning C4267: 'initializing': conversion from 'size_t' to 'int', possible loss of data
D:\__Graphics_project_git\Escape_game_v2\Curves.h(156,19): warning C4244: 'initializing': conversion from 'GLint' to 'float', possible loss of data
D:\__Graphics_project_git\Escape_game_v2\Curves.h(156,38): warning C4244: 'initializing': conversion from 'GLint' to 'float', possible loss of data
D:\__Graphics_project_git\Escape_game_v2\Curves.h(156,57): warning C4244: 'initializing': conversion from 'GLint' to 'float', possible loss of data
D:\__Graphics_project_git\Escape_game_v2\Curves.h(156,76): warning C4244: 'initializing': conversion from 'GLint' to 'float', possible loss of data
D:\__Graphics_project_git\Escape_game_v2\Curves.h(215,37): warning C4244: 'initializing': conversion from 'double' to 'float', possible loss of data
D:\__Graphics_project_git\Escape_game_v2\Curves.h(215,28): warning C4244: 'initializing': conversion from 'double' to 'const float', possible loss of data
D:\__Graphics_project_git\Escape_game_v2\Curves.h(218,18): warning C4244: 'initializing': conversion from 'double' to 'float', possible loss of data
D:\__Graphics_project_git\Escape_game_v2\Curves.h(228,29): warning C4244: '=': conversion from 'double' to 'float', possible loss of data
D:\__Graphics_project_git\Escape_game_v2\Curves.h(234,23): warning C4244: '=': conversion from 'double' to 'float', possible loss of data
D:\__Graphics_project_git\Escape_game_v2\Curves.h(235,23): warning C4244: '=': conversion from 'double' to 'float', possible loss of data
D:\__Graphics_project_git\Escape_game_v2\Cylinder.h(54,26): warning C4244: 'initializing': conversion from 'double' to 'float', possible loss of data
D:\__Graphics_project_git\Escape_game_v2\Cylinder.h(99,36): warning C4267: '=': conversion from 'size_t' to 'int', possible loss of data
D:\__Graphics_project_git\Escape_game_v2\Main.cpp(224,60): warning C4244: 'argument': conversion from 'float' to '_Ty', possible loss of data
          with
          [
              _Ty=int
          ]
D:\__Graphics_project_git\Escape_game_v2\Main.cpp(226,38): warning C4244: 'argument': conversion from 'float' to '_Ty', possible loss of data
          with
          [
              _Ty=int
          ]
D:\__Graphics_project_git\Escape_game_v2\Main.cpp(229,33): warning C4244: 'argument': conversion from 'float' to '_Ty', possible loss of data
          with
          [
              _Ty=int
          ]
D:\__Graphics_project_git\Escape_game_v2\Main.cpp(177,43): warning C4101: 'rotate': unreferenced local variable
D:\__Graphics_project_git\Escape_game_v2\Main.cpp(177,20): warning C4101: 'altogether': unreferenced local variable
D:\__Graphics_project_git\Escape_game_v2\Main.cpp(523,22): warning C4305: '+=': truncation from 'double' to 'float'
D:\__Graphics_project_git\Escape_game_v2\Main.cpp(537,22): warning C4305: '+=': truncation from 'double' to 'float'
D:\__Graphics_project_git\Escape_game_v2\Main.cpp(912,10): warning C4244: 'initializing': conversion from 'float' to 'int', possible loss of data
D:\__Graphics_project_git\Escape_game_v2\Main.cpp(910,12): warning C4101: 'streetlightTogether': unreferenced local variable
D:\__Graphics_project_git\Escape_game_v2\Main.cpp(1072,27): warning C4101: 'translate': unreferenced local variable
D:\__Graphics_project_git\Escape_game_v2\Main.cpp(1159,27): warning C4101: 'translate': unreferenced local variable
D:\__Graphics_project_git\Escape_game_v2\Main.cpp(1191,22): warning C4267: 'initializing': conversion from 'size_t' to 'int', possible loss of data
D:\__Graphics_project_git\Escape_game_v2\Main.cpp(1199,31): warning C4244: '-=': conversion from 'float' to '_Ty', possible loss of data
          with
          [
              _Ty=int
          ]
D:\__Graphics_project_git\Escape_game_v2\Main.cpp(1201,32): warning C4244: '-=': conversion from 'float' to '_Ty', possible loss of data
          with
          [
              _Ty=int
          ]
D:\__Graphics_project_git\Escape_game_v2\Main.cpp(1223,30): warning C4244: '-=': conversion from 'float' to '_Ty', possible loss of data
          with
          [
              _Ty=int
          ]
D:\__Graphics_project_git\Escape_game_v2\Main.cpp(1186,20): warning C4101: 'translate': unreferenced local variable
D:\__Graphics_project_git\Escape_game_v2\Main.cpp(1186,38): warning C4101: 'model': unreferenced local variable
D:\__Graphics_project_git\Escape_game_v2\Main.cpp(1186,31): warning C4101: 'scale': unreferenced local variable
D:\__Graphics_project_git\Escape_game_v2\Main.cpp(1284,11): warning C4805: '==': unsafe mix of type 'float' and type 'bool' in operation
D:\__Graphics_project_git\Escape_game_v2\Main.cpp(1287,11): warning C4805: '==': unsafe mix of type 'float' and type 'bool' in operation
D:\__Graphics_project_git\Escape_game_v2\Main.cpp(1303,47): warning C4101: 'rotate': unreferenced local variable
  Escape_game_v2.vcxproj -> D:\__Graphics_project_git\Escape_game_v2\x64\Debug\Escape_game_v2.exe
